<?xml version="1.0" encoding="UTF-8"?>
<!-- Generated by org.testng.reporters.JUnitXMLReporter -->
<testsuite ignored="3" hostname="Waleed" failures="0" tests="1" name="Default test" time="9.298" errors="0" timestamp="2024-11-23T13:15:15 EET">
  <testcase classname="MyTestCases" name="AddItemToThecart" time="6.146"/>
  <testcase classname="MyTestCases" name="Login" time="0.0">
    <ignored/>
  </testcase> <!-- Login -->
  <testcase classname="MyTestCases" name="MyTest" time="0.0">
    <ignored/>
  </testcase> <!-- MyTest -->
  <testcase classname="MyTestCases" name="Logout" time="0.0">
    <ignored/>
  </testcase> <!-- Logout -->
</testsuite> <!-- Default test -->
