<?xml version="1.0" encoding="UTF-8"?>
<testng-results ignored="3" total="4" passed="1" failed="0" skipped="0">
  <reporter-output>
  </reporter-output>
  <suite started-at="2024-11-23T13:15:06 EET" name="Default suite" finished-at="2024-11-23T13:15:15 EET" duration-ms="9298">
    <groups>
    </groups>
    <test started-at="2024-11-23T13:15:06 EET" name="Default test" finished-at="2024-11-23T13:15:15 EET" duration-ms="9298">
      <class name="MyTestCases">
        <test-method is-config="true" signature="MySetup()[pri:0, instance:MyTestCases@1b765a2c]" started-at="2024-11-23T13:15:06 EET" name="MySetup" finished-at="2024-11-23T13:15:09 EET" duration-ms="3060" status="PASS">
          <reporter-output>
          </reporter-output>
        </test-method> <!-- MySetup -->
        <test-method signature="AddItemToThecart()[pri:4, instance:MyTestCases@1b765a2c]" started-at="2024-11-23T13:15:09 EET" name="AddItemToThecart" finished-at="2024-11-23T13:15:15 EET" duration-ms="6146" status="PASS">
          <reporter-output>
          </reporter-output>
        </test-method> <!-- AddItemToThecart -->
      </class> <!-- MyTestCases -->
    </test> <!-- Default test -->
  </suite> <!-- Default suite -->
</testng-results>
